# JRE version: OpenJDK Runtime Environment (11.0.8+10) (build 11.0.8+10-b944.6842174)
# Java VM: OpenJDK 64-Bit Server VM (11.0.8+10-b944.6842174, mixed mode, tiered, compressed oops, g1 gc, windows-amd64)
Heap:
 garbage-first heap   total 435200K, used 261888K [0x0000000080000000, 0x0000000100000000)
  region size 1024K, 41 young (41984K), 10 survivors (10240K)
 Metaspace       used 142183K, capacity 146107K, committed 146432K, reserved 1177600K
  class space    used 17238K, capacity 18564K, committed 18688K, reserved 1048576K
GC Heap History (20 events):
Event: 1654.720 GC heap before
{Heap before GC invocations=91 (full 0):
 garbage-first heap   total 435200K, used 369347K [0x0000000080000000, 0x0000000100000000)
  region size 1024K, 208 young (212992K), 21 survivors (21504K)
 Metaspace       used 131682K, capacity 135301K, committed 135552K, reserved 1167360K
  class space    used 16032K, capacity 17262K, committed 17280K, reserved 1048576K
}
Event: 1654.735 GC heap after
{Heap after GC invocations=92 (full 0):
 garbage-first heap   total 435200K, used 174760K [0x0000000080000000, 0x0000000100000000)
  region size 1024K, 13 young (13312K), 13 survivors (13312K)
 Metaspace       used 131682K, capacity 135301K, committed 135552K, reserved 1167360K
  class space    used 16032K, capacity 17262K, committed 17280K, reserved 1048576K
}
Event: 1656.616 GC heap before
{Heap before GC invocations=92 (full 0):
 garbage-first heap   total 435200K, used 370344K [0x0000000080000000, 0x0000000100000000)
  region size 1024K, 205 young (209920K), 13 survivors (13312K)
 Metaspace       used 132616K, capacity 136232K, committed 136448K, reserved 1169408K
  class space    used 16119K, capacity 17359K, committed 17408K, reserved 1048576K
}
Event: 1656.630 GC heap after
{Heap after GC invocations=93 (full 0):
 garbage-first heap   total 435200K, used 176808K [0x0000000080000000, 0x0000000100000000)
  region size 1024K, 15 young (15360K), 15 survivors (15360K)
 Metaspace       used 132616K, capacity 136232K, committed 136448K, reserved 1169408K
  class space    used 16119K, capacity 17359K, committed 17408K, reserved 1048576K
}
Event: 1658.591 GC heap before
{Heap before GC invocations=93 (full 0):
 garbage-first heap   total 435200K, used 373416K [0x0000000080000000, 0x0000000100000000)
  region size 1024K, 207 young (211968K), 15 survivors (15360K)
 Metaspace       used 132619K, capacity 136232K, committed 136448K, reserved 1169408K
  class space    used 16120K, capacity 17359K, committed 17408K, reserved 1048576K
}
Event: 1658.601 GC heap after
{Heap after GC invocations=94 (full 0):
 garbage-first heap   total 435200K, used 176184K [0x0000000080000000, 0x0000000100000000)
  region size 1024K, 13 young (13312K), 13 survivors (13312K)
 Metaspace       used 132619K, capacity 136232K, committed 136448K, reserved 1169408K
  class space    used 16120K, capacity 17359K, committed 17408K, reserved 1048576K
}
Event: 1660.628 GC heap before
{Heap before GC invocations=94 (full 0):
 garbage-first heap   total 435200K, used 377912K [0x0000000080000000, 0x0000000100000000)
  region size 1024K, 208 young (212992K), 13 survivors (13312K)
 Metaspace       used 132649K, capacity 136297K, committed 136448K, reserved 1169408K
  class space    used 16122K, capacity 17359K, committed 17408K, reserved 1048576K
}
Event: 1660.633 GC heap after
{Heap after GC invocations=95 (full 0):
 garbage-first heap   total 435200K, used 167480K [0x0000000080000000, 0x0000000100000000)
  region size 1024K, 5 young (5120K), 5 survivors (5120K)
 Metaspace       used 132649K, capacity 136297K, committed 136448K, reserved 1169408K
  class space    used 16122K, capacity 17359K, committed 17408K, reserved 1048576K
}
Event: 1662.148 GC heap before
{Heap before GC invocations=95 (full 0):
 garbage-first heap   total 435200K, used 375352K [0x0000000080000000, 0x0000000100000000)
  region size 1024K, 209 young (214016K), 5 survivors (5120K)
 Metaspace       used 132699K, capacity 136324K, committed 136448K, reserved 1169408K
  class space    used 16125K, capacity 17364K, committed 17408K, reserved 1048576K
}
Event: 1662.157 GC heap after
{Heap after GC invocations=96 (full 0):
 garbage-first heap   total 435200K, used 170627K [0x0000000080000000, 0x0000000100000000)
  region size 1024K, 8 young (8192K), 8 survivors (8192K)
 Metaspace       used 132699K, capacity 136324K, committed 136448K, reserved 1169408K
  class space    used 16125K, capacity 17364K, committed 17408K, reserved 1048576K
}
Event: 1663.318 GC heap before
{Heap before GC invocations=96 (full 0):
 garbage-first heap   total 435200K, used 376451K [0x0000000080000000, 0x0000000100000000)
  region size 1024K, 209 young (214016K), 8 survivors (8192K)
 Metaspace       used 132704K, capacity 136324K, committed 136448K, reserved 1169408K
  class space    used 16125K, capacity 17364K, committed 17408K, reserved 1048576K
}
Event: 1663.325 GC heap after
{Heap after GC invocations=97 (full 0):
 garbage-first heap   total 435200K, used 170389K [0x0000000080000000, 0x0000000100000000)
  region size 1024K, 8 young (8192K), 8 survivors (8192K)
 Metaspace       used 132704K, capacity 136324K, committed 136448K, reserved 1169408K
  class space    used 16125K, capacity 17364K, committed 17408K, reserved 1048576K
}
Event: 1665.052 GC heap before
{Heap before GC invocations=97 (full 0):
 garbage-first heap   total 435200K, used 388501K [0x0000000080000000, 0x0000000100000000)
  region size 1024K, 210 young (215040K), 8 survivors (8192K)
 Metaspace       used 133232K, capacity 136893K, committed 137088K, reserved 1169408K
  class space    used 16176K, capacity 17439K, committed 17536K, reserved 1048576K
}
Event: 1665.066 GC heap after
{Heap after GC invocations=98 (full 0):
 garbage-first heap   total 435200K, used 189178K [0x0000000080000000, 0x0000000100000000)
  region size 1024K, 18 young (18432K), 18 survivors (18432K)
 Metaspace       used 133232K, capacity 136893K, committed 137088K, reserved 1169408K
  class space    used 16176K, capacity 17439K, committed 17536K, reserved 1048576K
}
Event: 1666.690 GC heap before
{Heap before GC invocations=98 (full 0):
 garbage-first heap   total 435200K, used 371450K [0x0000000080000000, 0x0000000100000000)
  region size 1024K, 193 young (197632K), 18 survivors (18432K)
 Metaspace       used 133880K, capacity 137638K, committed 137856K, reserved 1169408K
  class space    used 16229K, capacity 17492K, committed 17536K, reserved 1048576K
}
Event: 1666.739 GC heap after
{Heap after GC invocations=99 (full 0):
 garbage-first heap   total 435200K, used 216571K [0x0000000080000000, 0x0000000100000000)
  region size 1024K, 25 young (25600K), 25 survivors (25600K)
 Metaspace       used 133880K, capacity 137638K, committed 137856K, reserved 1169408K
  class space    used 16229K, capacity 17492K, committed 17536K, reserved 1048576K
}
Event: 1667.893 GC heap before
{Heap before GC invocations=99 (full 0):
 garbage-first heap   total 435200K, used 360955K [0x0000000080000000, 0x0000000100000000)
  region size 1024K, 163 young (166912K), 25 survivors (25600K)
 Metaspace       used 133890K, capacity 137640K, committed 137856K, reserved 1169408K
  class space    used 16230K, capacity 17492K, committed 17536K, reserved 1048576K
}
Event: 1667.922 GC heap after
{Heap after GC invocations=100 (full 0):
 garbage-first heap   total 435200K, used 230976K [0x0000000080000000, 0x0000000100000000)
  region size 1024K, 13 young (13312K), 13 survivors (13312K)
 Metaspace       used 133890K, capacity 137640K, committed 137856K, reserved 1169408K
  class space    used 16230K, capacity 17492K, committed 17536K, reserved 1048576K
}
Event: 1670.850 GC heap before
{Heap before GC invocations=100 (full 0):
 garbage-first heap   total 435200K, used 368192K [0x0000000080000000, 0x0000000100000000)
  region size 1024K, 140 young (143360K), 13 survivors (13312K)
 Metaspace       used 142143K, capacity 146107K, committed 146432K, reserved 1177600K
  class space    used 17238K, capacity 18564K, committed 18688K, reserved 1048576K
}
Event: 1670.866 GC heap after
{Heap after GC invocations=101 (full 0):
 garbage-first heap   total 435200K, used 231168K [0x0000000080000000, 0x0000000100000000)
  region size 1024K, 10 young (10240K), 10 survivors (10240K)
 Metaspace       used 142143K, capacity 146107K, committed 146432K, reserved 1177600K
  class space    used 17238K, capacity 18564K, committed 18688K, reserved 1048576K
}

